2022-05-07 23:05:03, INFO: Create other envs with new settings
2022-05-07 23:05:03, INFO: human number: 5
2022-05-07 23:05:03, INFO: Randomize human's radius and preferred speed
2022-05-07 23:05:03, INFO: Circle width: 6
2022-05-07 23:05:03, INFO: robot FOV 6.283185
2022-05-07 23:05:03, INFO: humans FOV 6.283185
2022-05-07 23:05:03, INFO: human number: 5
2022-05-07 23:05:03, INFO: Randomize human's radius and preferred speed
2022-05-07 23:05:03, INFO: Circle width: 6
2022-05-07 23:05:03, INFO: human number: 5
2022-05-07 23:05:03, INFO: robot FOV 6.283185
2022-05-07 23:05:03, INFO: Randomize human's radius and preferred speed
2022-05-07 23:05:03, INFO: humans FOV 6.283185
2022-05-07 23:05:03, INFO: Circle width: 6
2022-05-07 23:05:03, INFO: human number: 5
2022-05-07 23:05:03, INFO: robot FOV 6.283185
2022-05-07 23:05:03, INFO: Randomize human's radius and preferred speed
2022-05-07 23:05:03, INFO: humans FOV 6.283185
2022-05-07 23:05:03, INFO: Circle width: 6
2022-05-07 23:05:03, INFO: human number: 5
2022-05-07 23:05:03, INFO: Randomize human's radius and preferred speed
2022-05-07 23:05:03, INFO: robot FOV 6.283185
2022-05-07 23:05:03, INFO: Circle width: 6
2022-05-07 23:05:03, INFO: humans FOV 6.283185
2022-05-07 23:05:03, INFO: robot FOV 6.283185
2022-05-07 23:05:03, INFO: human number: 5
2022-05-07 23:05:03, INFO: humans FOV 6.283185
2022-05-07 23:05:03, INFO: Randomize human's radius and preferred speed
2022-05-07 23:05:03, INFO: human number: 5
2022-05-07 23:05:03, INFO: Circle width: 6
2022-05-07 23:05:03, INFO: Randomize human's radius and preferred speed
2022-05-07 23:05:03, INFO: robot FOV 6.283185
2022-05-07 23:05:03, INFO: Circle width: 6
2022-05-07 23:05:03, INFO: humans FOV 6.283185
2022-05-07 23:05:03, INFO: robot FOV 6.283185
2022-05-07 23:05:03, INFO: human number: 5
2022-05-07 23:05:03, INFO: humans FOV 6.283185
2022-05-07 23:05:03, INFO: Randomize human's radius and preferred speed
2022-05-07 23:05:03, INFO: Circle width: 6
2022-05-07 23:05:03, INFO: human number: 5
2022-05-07 23:05:03, INFO: robot FOV 6.283185
2022-05-07 23:05:03, INFO: Randomize human's radius and preferred speed
2022-05-07 23:05:03, INFO: humans FOV 6.283185
2022-05-07 23:05:03, INFO: Circle width: 6
2022-05-07 23:05:03, INFO: human number: 5
2022-05-07 23:05:03, INFO: robot FOV 6.283185
2022-05-07 23:05:03, INFO: humans FOV 6.283185
2022-05-07 23:05:03, INFO: Randomize human's radius and preferred speed
2022-05-07 23:05:03, INFO: Circle width: 6
2022-05-07 23:05:03, INFO: robot FOV 6.283185
2022-05-07 23:05:03, INFO: human number: 5
2022-05-07 23:05:03, INFO: human number: 5
2022-05-07 23:05:03, INFO: humans FOV 6.283185
2022-05-07 23:05:03, INFO: Randomize human's radius and preferred speed
2022-05-07 23:05:03, INFO: Randomize human's radius and preferred speed
2022-05-07 23:05:03, INFO: Circle width: 6
2022-05-07 23:05:03, INFO: Circle width: 6
2022-05-07 23:05:03, INFO: robot FOV 6.283185
2022-05-07 23:05:03, INFO: robot FOV 6.283185
2022-05-07 23:05:03, INFO: humans FOV 6.283185
2022-05-07 23:05:03, INFO: humans FOV 6.283185
2022-05-07 23:05:03, INFO: human number: 5
2022-05-07 23:05:04, INFO: Randomize human's radius and preferred speed
2022-05-07 23:05:04, INFO: Circle width: 6
2022-05-07 23:05:04, INFO: robot FOV 6.283185
2022-05-07 23:05:04, INFO: humans FOV 6.283185
