2022-05-07 19:57:27, INFO: Create other envs with new settings
2022-05-07 19:57:27, INFO: human number: 5
2022-05-07 19:57:27, INFO: Randomize human's radius and preferred speed
2022-05-07 19:57:27, INFO: Circle width: 6
2022-05-07 19:57:27, INFO: robot FOV 6.283185
2022-05-07 19:57:27, INFO: humans FOV 6.283185
2022-05-07 19:57:27, INFO: human number: 5
2022-05-07 19:57:27, INFO: Randomize human's radius and preferred speed
2022-05-07 19:57:27, INFO: Circle width: 6
2022-05-07 19:57:27, INFO: human number: 5
2022-05-07 19:57:27, INFO: robot FOV 6.283185
2022-05-07 19:57:27, INFO: Randomize human's radius and preferred speed
2022-05-07 19:57:27, INFO: humans FOV 6.283185
2022-05-07 19:57:27, INFO: Circle width: 6
2022-05-07 19:57:27, INFO: human number: 5
2022-05-07 19:57:27, INFO: robot FOV 6.283185
2022-05-07 19:57:27, INFO: Randomize human's radius and preferred speed
2022-05-07 19:57:27, INFO: humans FOV 6.283185
2022-05-07 19:57:27, INFO: Circle width: 6
2022-05-07 19:57:27, INFO: robot FOV 6.283185
2022-05-07 19:57:27, INFO: human number: 5
2022-05-07 19:57:27, INFO: humans FOV 6.283185
2022-05-07 19:57:27, INFO: Randomize human's radius and preferred speed
2022-05-07 19:57:27, INFO: Circle width: 6
2022-05-07 19:57:27, INFO: robot FOV 6.283185
2022-05-07 19:57:27, INFO: humans FOV 6.283185
2022-05-07 19:57:27, INFO: human number: 5
2022-05-07 19:57:27, INFO: Randomize human's radius and preferred speed
2022-05-07 19:57:27, INFO: human number: 5
2022-05-07 19:57:27, INFO: Circle width: 6
2022-05-07 19:57:27, INFO: Randomize human's radius and preferred speed
2022-05-07 19:57:27, INFO: robot FOV 6.283185
2022-05-07 19:57:27, INFO: Circle width: 6
2022-05-07 19:57:27, INFO: human number: 5
2022-05-07 19:57:27, INFO: humans FOV 6.283185
2022-05-07 19:57:27, INFO: robot FOV 6.283185
2022-05-07 19:57:27, INFO: Randomize human's radius and preferred speed
2022-05-07 19:57:27, INFO: Circle width: 6
2022-05-07 19:57:27, INFO: humans FOV 6.283185
2022-05-07 19:57:27, INFO: robot FOV 6.283185
2022-05-07 19:57:27, INFO: human number: 5
2022-05-07 19:57:27, INFO: humans FOV 6.283185
2022-05-07 19:57:27, INFO: Randomize human's radius and preferred speed
2022-05-07 19:57:27, INFO: Circle width: 6
2022-05-07 19:57:27, INFO: robot FOV 6.283185
2022-05-07 19:57:27, INFO: human number: 5
2022-05-07 19:57:27, INFO: humans FOV 6.283185
2022-05-07 19:57:27, INFO: Randomize human's radius and preferred speed
2022-05-07 19:57:27, INFO: Circle width: 6
2022-05-07 19:57:27, INFO: robot FOV 6.283185
2022-05-07 19:57:27, INFO: human number: 5
2022-05-07 19:57:27, INFO: humans FOV 6.283185
2022-05-07 19:57:27, INFO: Randomize human's radius and preferred speed
2022-05-07 19:57:27, INFO: Circle width: 6
2022-05-07 19:57:27, INFO: robot FOV 6.283185
2022-05-07 19:57:27, INFO: human number: 5
2022-05-07 19:57:27, INFO: humans FOV 6.283185
2022-05-07 19:57:27, INFO: Randomize human's radius and preferred speed
2022-05-07 19:57:27, INFO: human number: 5
2022-05-07 19:57:27, INFO: Randomize human's radius and preferred speed
2022-05-07 19:57:27, INFO: Circle width: 6
2022-05-07 19:57:27, INFO: Circle width: 6
2022-05-07 19:57:27, INFO: robot FOV 6.283185
2022-05-07 19:57:27, INFO: humans FOV 6.283185
2022-05-07 19:57:27, INFO: robot FOV 6.283185
2022-05-07 19:57:27, INFO: humans FOV 6.283185
