2022-05-08 17:22:16, INFO: Create other envs with new settings
2022-05-08 17:22:16, INFO: human number: 5
2022-05-08 17:22:16, INFO: Randomize human's radius and preferred speed
2022-05-08 17:22:16, INFO: Circle width: 6
2022-05-08 17:22:16, INFO: robot FOV 6.283185
2022-05-08 17:22:16, INFO: humans FOV 6.283185
2022-05-08 17:22:16, INFO: human number: 5
2022-05-08 17:22:16, INFO: Randomize human's radius and preferred speed
2022-05-08 17:22:16, INFO: Circle width: 6
2022-05-08 17:22:16, INFO: human number: 5
2022-05-08 17:22:16, INFO: robot FOV 6.283185
2022-05-08 17:22:16, INFO: Randomize human's radius and preferred speed
2022-05-08 17:22:16, INFO: humans FOV 6.283185
2022-05-08 17:22:16, INFO: Circle width: 6
2022-05-08 17:22:16, INFO: robot FOV 6.283185
2022-05-08 17:22:16, INFO: humans FOV 6.283185
2022-05-08 17:22:16, INFO: human number: 5
2022-05-08 17:22:16, INFO: human number: 5
2022-05-08 17:22:16, INFO: Randomize human's radius and preferred speed
2022-05-08 17:22:16, INFO: Circle width: 6
2022-05-08 17:22:16, INFO: Randomize human's radius and preferred speed
2022-05-08 17:22:16, INFO: human number: 5
2022-05-08 17:22:16, INFO: human number: 5
2022-05-08 17:22:16, INFO: human number: 5
2022-05-08 17:22:16, INFO: human number: 5
2022-05-08 17:22:16, INFO: robot FOV 6.283185
2022-05-08 17:22:16, INFO: human number: 5
2022-05-08 17:22:16, INFO: human number: 5
2022-05-08 17:22:16, INFO: human number: 5
2022-05-08 17:22:16, INFO: Circle width: 6
2022-05-08 17:22:16, INFO: Randomize human's radius and preferred speed
2022-05-08 17:22:16, INFO: Randomize human's radius and preferred speed
2022-05-08 17:22:16, INFO: Randomize human's radius and preferred speed
2022-05-08 17:22:16, INFO: Randomize human's radius and preferred speed
2022-05-08 17:22:16, INFO: Randomize human's radius and preferred speed
2022-05-08 17:22:16, INFO: Randomize human's radius and preferred speed
2022-05-08 17:22:16, INFO: Circle width: 6
2022-05-08 17:22:16, INFO: Circle width: 6
2022-05-08 17:22:16, INFO: Circle width: 6
2022-05-08 17:22:16, INFO: Circle width: 6
2022-05-08 17:22:16, INFO: Circle width: 6
2022-05-08 17:22:16, INFO: robot FOV 6.283185
2022-05-08 17:22:16, INFO: Circle width: 6
2022-05-08 17:22:16, INFO: human number: 5
2022-05-08 17:22:16, INFO: robot FOV 6.283185
2022-05-08 17:22:16, INFO: robot FOV 6.283185
2022-05-08 17:22:16, INFO: humans FOV 6.283185
2022-05-08 17:22:16, INFO: humans FOV 6.283185
2022-05-08 17:22:16, INFO: robot FOV 6.283185
2022-05-08 17:22:16, INFO: robot FOV 6.283185
2022-05-08 17:22:16, INFO: Randomize human's radius and preferred speed
2022-05-08 17:22:16, INFO: humans FOV 6.283185
2022-05-08 17:22:16, INFO: robot FOV 6.283185
2022-05-08 17:22:16, INFO: robot FOV 6.283185
2022-05-08 17:22:16, INFO: Circle width: 6
2022-05-08 17:22:16, INFO: humans FOV 6.283185
2022-05-08 17:22:16, INFO: Randomize human's radius and preferred speed
2022-05-08 17:22:16, INFO: humans FOV 6.283185
2022-05-08 17:22:16, INFO: humans FOV 6.283185
2022-05-08 17:22:16, INFO: humans FOV 6.283185
2022-05-08 17:22:16, INFO: humans FOV 6.283185
2022-05-08 17:22:16, INFO: Circle width: 6
2022-05-08 17:22:16, INFO: robot FOV 6.283185
2022-05-08 17:22:17, INFO: humans FOV 6.283185
2022-05-08 17:22:17, INFO: robot FOV 6.283185
2022-05-08 17:22:17, INFO: humans FOV 6.283185
